Start testing: Mar 16 14:37 PDT
----------------------------------------------------------
1/1 Testing: BasicTests
1/1 Test: BasicTests
Command: "/afs/ir/users/r/b/rborker/CME212/FinalProject/build/tests/testRunner"
Directory: /afs/ir/users/r/b/rborker/CME212/FinalProject/build/tests
"BasicTests" start time: Mar 16 14:37 PDT
Output:
----------------------------------------------------------
.Test from time 0 to 10 

0 -327.54587844 69.474952028 -258.070926412
1 -327.561715994 69.4642748434 -258.09744115
2 -327.483602096 69.386142947 -258.097459149
3 -327.311439882 69.2139771653 -258.097462717
4 -327.045414063 68.9479630593 -258.097451004
5 -326.686003479 68.5885806608 -258.097422818
6 -326.23399725 68.1366202692 -258.097376981
7 -325.690512693 67.5932008437 -258.097311849
8 -325.057018267 66.9597926007 -258.097225666
9 -324.335362137 66.2382439776 -258.097118159
10 -323.527790079 65.4308062926 -258.096983787
.Test from time 10 to 20 

0 -323.527790079 65.4308062926 -258.096983787
1 -322.636980498 64.5401583616 -258.096822137
2 -321.666076514 63.5694456992 -258.096630815
3 -320.61871186 62.5223073945 -258.096404465
4 -319.499042714 61.4029014086 -258.096141306
5 -318.311780616 60.2159319424 -258.095848674
6 -317.062183464 58.9666651778 -258.095518287
7 -315.756104342 57.6609578933 -258.095146449
8 -314.400007063 56.3052678111 -258.094739252
9 -313.000941735 54.906649039 -258.094292696
10 -311.566604177 53.472789131 -258.093815046
.Test from time 0 to 1000 

0 -327.54587844 69.474952028 -258.070926412
1 -327.561715994 69.4642748434 -258.09744115
2 -327.483602096 69.386142947 -258.097459149
3 -327.311439882 69.2139771653 -258.097462717
4 -327.045414063 68.9479630593 -258.097451004
5 -326.686003479 68.5885806608 -258.097422818
6 -326.23399725 68.1366202692 -258.097376981
7 -325.690512693 67.5932008437 -258.097311849
8 -325.057018267 66.9597926007 -258.097225666
9 -324.335362137 66.2382439776 -258.097118159
10 -323.527790079 65.4308062926 -258.096983787
11 -322.636980498 64.5401583616 -258.096822137
12 -321.666076514 63.5694456992 -258.096630815
13 -320.61871186 62.5223073945 -258.096404465
14 -319.499042714 61.4029014086 -258.096141306
15 -318.311780616 60.2159319424 -258.095848674
16 -317.062183464 58.9666651778 -258.095518287
17 -315.756104342 57.6609578933 -258.095146449
18 -314.400007063 56.3052678111 -258.094739252
19 -313.000941735 54.906649039 -258.094292696
20 -311.566604177 53.472789131 -258.093815046
21 -310.105235044 52.0119443702 -258.093290673
22 -308.625622121 50.5328883246 -258.092733796
23 -307.137078619 49.0449293903 -258.092149228
24 -305.649360513 47.5578377377 -258.091522775
25 -304.172647834 46.0817604889 -258.090887346
26 -302.717347779 44.6271110375 -258.090236742
27 -301.294082932 43.2045066344 -258.089576298
28 -299.913553552 41.8246652226 -258.088888329
29 -298.586435029 40.4981968176 -258.088238212
30 -297.323100396 39.2354869116 -258.087613484
31 -296.133602148 38.0465725658 -258.087029583
32 -295.0274318 36.9409796776 -258.086452122
33 -294.01354403 35.9276083966 -258.085935633
34 -293.099949528 35.0144660159 -258.085483512
35 -292.29374652 34.2086598125 -258.085086708
36 -291.60103438 33.5162571977 -258.084777182
37 -291.02654703 32.9419981105 -258.084548919
38 -290.573753607 32.4893435697 -258.084410037
39 -290.244967002 32.1605906575 -258.084376345
40 -290.041031981 31.9566689618 -258.084363019
41 -289.961711105 31.8772107859 -258.084500319
42 -290.005282974 31.9205409472 -258.084742027
43 -290.168571376 32.0834948878 -258.085076488
44 -290.447214012 32.3617798436 -258.085434169
45 -290.835923436 32.7501426459 -258.08578079
46 -291.328642673 33.2423998618 -258.086242812
47 -291.918385065 33.8315260611 -258.086859004
48 -292.596884327 34.5094894779 -258.087394849
49 -293.355626041 35.2676522653 -258.087973776
50 -294.185831316 36.0972781405 -258.088553176
51 -295.078351071 36.9892833791 -258.089067692
52 -296.023955479 37.9343352465 -258.089620232
53 -297.013440097 38.9233058348 -258.090134262
54 -298.037962081 39.9473515408 -258.09061054
55 -299.088626519 40.9975632947 -258.091063225
56 -300.157015041 42.0655050123 -258.091510029
57 -301.235027956 43.1431090551 -258.091918901
58 -302.314806258 44.2224768419 -258.092329416
59 -303.389201118 45.296476778 -258.09272434
60 -304.451781515 46.3587084141 -258.093073101
61 -305.496921442 47.4035656647 -258.093355778
62 -306.519320105 48.4256533933 -258.093666711
63 -307.514305537 49.4202239782 -258.094081559
64 -308.47816609 50.3837933481 -258.094372742
65 -309.40752006 51.3131271363 -258.094392924
66 -310.299841025 52.2053481409 -258.094492884
67 -311.153179086 53.0585039484 -258.094675138
68 -311.966110378 53.8716361523 -258.094474226
69 -312.738492617 54.6441117954 -258.094380822
70 -313.469922083 55.3756190565 -258.094303027
71 -314.161200239 56.0670683535 -258.094131885
72 -314.813494491 56.7195017631 -258.093992728
73 -315.428172029 57.3344945318 -258.093677497
74 -316.007866899 57.9143905431 -258.093476356
75 -316.554383042 58.4610267225 -258.09335632
76 -317.069889091 58.9767003931 -258.093188698
77 -317.557592117 59.4645607575 -258.093031359
78 -318.021097483 59.9281400102 -258.092957473
79 -318.463811314 60.3710097163 -258.092801598
80 -318.88929556 60.7966905151 -258.092605045
81 -319.300920506 61.208551474 -258.092369032
82 -319.702267577 61.6103070109 -258.091960566
83 -320.097906545 62.0061005187 -258.091806026
84 -320.491039949 62.3995113228 -258.091528626
85 -320.885512757 62.7940745096 -258.091438248
86 -321.284540382 63.1935945149 -258.090945867
87 -321.691773179 63.601066717 -258.090706462
88 -322.110181906 64.0196830975 -258.090498808
89 -322.543124084 64.4526269455 -258.090497139
90 -322.993060462 64.9025936991 -258.090466763
91 -323.46239613 65.3719787259 -258.090417404
92 -323.953651112 65.8631583595 -258.090492752
93 -324.46834198 66.377975995 -258.090365985
94 -325.007903904 66.9176079011 -258.090296003
95 -325.574267408 67.4839762204 -258.090291188
96 -326.168792094 68.0785393897 -258.090252704
97 -326.792050543 68.7018514781 -258.090199065
98 -327.444655209 69.3545003424 -258.090154866
99 -328.127208174 70.0371685622 -258.090039611
100 -328.840249693 70.7502477381 -258.090001955
101 -329.583706677 71.493674093 -258.090032584
102 -330.357260873 72.2672559141 -258.090004959
103 -331.161014639 73.0710980392 -258.089916599
104 -331.994820692 73.9049793929 -258.089841299
105 -332.857560616 74.7676821125 -258.089878504
106 -333.747864027 75.6580263107 -258.089837716
107 -334.664921412 76.5749146185 -258.090006794
108 -335.606957775 77.5167654559 -258.090192319
109 -336.57283358 78.4822495626 -258.090584018
110 -337.560075523 79.4693655204 -258.090710002
111 -338.566644891 80.4758055485 -258.090839342
112 -339.591017237 81.5000893249 -258.090927912
113 -340.631097376 82.5401256318 -258.090971744
114 -341.683821544 83.5927310616 -258.091090483
115 -342.74611438 84.6547693821 -258.091344998
116 -343.815534281 85.7237782003 -258.091756081
117 -344.888968897 86.7971100389 -258.091858858
118 -345.963171235 87.8711022498 -258.092068985
119 -347.034681189 88.9425342316 -258.092146957
120 -348.100442768 90.0080855949 -258.092357173
121 -349.15637724 91.0638312932 -258.092545947
122 -350.199082911 92.1063071372 -258.092775774
123 -351.225658014 93.1325561769 -258.093101838
124 -352.232548849 94.1393240203 -258.093224828
125 -353.216428604 95.1227673843 -258.09366122
126 -354.172955163 96.079042083 -258.09391308
127 -355.09941953 97.0052327431 -258.094186787
128 -355.992369125 97.8981012761 -258.094267849
129 -356.84812999 98.7537168022 -258.094413188
130 -357.663194271 99.5686250908 -258.094569181
131 -358.434137858 100.339323717 -258.094814141
132 -359.157784079 101.062772796 -258.095011283
133 -359.831552009 101.736338293 -258.095213716
134 -360.452948775 102.357735019 -258.095213755
135 -361.020781984 102.925556355 -258.095225629
136 -361.533770433 103.438466051 -258.095304382
137 -361.989702928 103.894239347 -258.09546358
138 -362.386865974 104.291271939 -258.095594035
139 -362.724603459 104.628956014 -258.095647445
140 -363.003163095 104.90751655 -258.095646545
141 -363.223105051 105.127489414 -258.095615637
142 -363.385215663 105.289636541 -258.095579122
143 -363.491067921 105.395655296 -258.095412625
144 -363.543447619 105.448013399 -258.09543422
145 -363.544562393 105.449243637 -258.095318756
146 -363.497678279 105.402636521 -258.095041758
147 -363.406410747 105.311592516 -258.094818231
148 -363.274123341 105.179584281 -258.09453906
149 -363.104861492 105.010579237 -258.094282255
150 -362.902231525 104.808260363 -258.093971162
151 -362.67013223 104.576336041 -258.093796188
152 -362.412330903 104.318628281 -258.093702622
153 -362.132227786 104.03865574 -258.093572045
154 -361.83353434 103.740023145 -258.093511196
155 -361.519118344 103.425903004 -258.093215339
156 -361.191259493 103.098123624 -258.093135869
157 -360.851977284 102.759058492 -258.092918791
158 -360.503229534 102.41031529 -258.092914244
159 -360.14598534 102.052933778 -258.093051562
160 -359.78085397 101.687752927 -258.093101043
161 -359.407773446 101.314568152 -258.093205294
162 -359.026462884 100.933096896 -258.093365988
163 -358.636142859 100.5426828 -258.09346006
164 -358.236042398 100.142471849 -258.093570549
165 -357.825216463 99.7315459152 -258.093670548
166 -357.40266474 99.3089415736 -258.093723166
167 -356.967407632 98.8735750281 -258.093832604
168 -356.518512028 98.4245043468 -258.094007681
169 -356.055158815 97.9611458344 -258.094012981
170 -355.576897556 97.482816015 -258.094081541
171 -355.083367497 96.9893260157 -258.094041482
172 -354.574826952 96.4807998093 -258.094027142
173 -354.051708661 95.9574593018 -258.094249359
174 -353.51430084 95.4199854138 -258.094315427
175 -352.963420087 94.8693213649 -258.094098722
176 -352.400253125 94.3061896464 -258.094063478
177 -351.825657844 93.7318541735 -258.093803671
178 -351.241332386 93.1475607989 -258.093771587
179 -350.647810463 92.5541679304 -258.093642532
180 -350.046543564 91.9529463296 -258.093597234
181 -349.438665838 91.3451381394 -258.093527698
182 -348.825635186 90.7321220891 -258.093513097
183 -348.208382291 90.1149091247 -258.093473166
184 -347.5877583 89.4943050201 -258.09345328
185 -346.965107246 88.8715902003 -258.093517045
186 -346.341337114 88.2478628763 -258.093474238
187 -345.717323402 87.623899399 -258.093424003
188 -345.094313398 87.000879642 -258.093433755
189 -344.473573625 86.3801379381 -258.093435687
190 -343.856363283 85.763015571 -258.093347711
191 -343.244805286 85.1514048272 -258.093400459
192 -342.640551209 84.5472638884 -258.09328732
193 -342.045482782 83.9523319359 -258.093150847
194 -341.461654304 83.3686648749 -258.092989429
195 -340.891280487 82.7986213122 -258.092659175
196 -340.336854524 82.2443079355 -258.092546589
197 -339.800023006 81.7075899624 -258.092433044
198 -339.282820916 81.190453041 -258.092367875
199 -338.786906276 80.6946264044 -258.092279872
200 -338.313822819 80.2215844482 -258.092238371
201 -337.864743633 79.7725358498 -258.092207783
202 -337.440569828 79.3483912953 -258.092178532
203 -337.04207363 78.9500522393 -258.09202139
204 -336.670204839 78.5781753413 -258.092029497
205 -336.325123269 78.233007213 -258.092116056
206 -336.006755586 77.914714216 -258.09204137
207 -335.715487966 77.6234047044 -258.092083262
208 -335.451294106 77.3592280491 -258.092066057
209 -335.214517163 77.1225028773 -258.092014286
210 -335.005761575 76.9139222224 -258.091839353
211 -334.825922417 76.734103918 -258.091818499
212 -334.67507896 76.5832507184 -258.091828242
213 -334.55330669 76.4615454192 -258.091761271
214 -334.461009895 76.3692454059 -258.091764489
215 -334.398214989 76.3064704951 -258.091744494
216 -334.365150905 76.2732884253 -258.091862479
217 -334.361314868 76.2694196197 -258.091895248
218 -334.385964291 76.2939617397 -258.092002551
219 -334.437767783 76.3456079258 -258.092159858
220 -334.514752868 76.4230430263 -258.091709842
221 -334.615754618 76.5238878526 -258.091866765
222 -334.736736415 76.6446387796 -258.092097635
223 -334.874111956 76.7817687821 -258.092343174
224 -335.024062094 76.9314634398 -258.092598654
225 -335.18246571 77.0896155811 -258.092850129
226 -335.34562467 77.252296559 -258.093328111
227 -335.509186859 77.4156171033 -258.093569756
228 -335.669537746 77.5754985875 -258.094039158
229 -335.821717328 77.7274877527 -258.094229575
230 -335.962002363 77.867731399 -258.094270964
231 -336.088122019 77.9933827011 -258.094739318
232 -336.196288946 78.1014262761 -258.09486267
233 -336.284452198 78.1894953949 -258.094956804
234 -336.3512569 78.2564198017 -258.094837098
235 -336.39615084 78.3013176006 -258.09483324
236 -336.418613354 78.3238309535 -258.094782401
237 -336.419277515 78.3245255057 -258.094752009
238 -336.399010713 78.3044609561 -258.094549757
239 -336.359616465 78.2651768273 -258.094439637
240 -336.302357654 78.2080427391 -258.094314914
241 -336.228698762 78.1344920358 -258.094206726
242 -336.140547542 78.04642869 -258.094118852
243 -336.03971301 77.9457504743 -258.093962536
244 -335.928441726 77.8345401808 -258.093901545
245 -335.807977625 77.714160572 -258.093817053
246 -335.679181457 77.5854574744 -258.093723982
247 -335.543141485 77.4494720102 -258.093669475
248 -335.400852337 77.3071470398 -258.093705297
249 -335.252905533 77.1592589417 -258.093646591
250 -335.099944559 77.0063162658 -258.093628293
251 -334.94239544 76.8488205679 -258.093574872
252 -334.781041442 76.6875235144 -258.093517927
253 -334.616867041 76.5234915281 -258.093375513
254 -334.451352224 76.3578989379 -258.093453286
255 -334.284790431 76.1914272788 -258.093363152
256 -334.118215813 76.0249097898 -258.093306023
257 -333.953429428 75.8601201466 -258.093309282
258 -333.792251507 75.6990215678 -258.093229939
259 -333.636527552 75.5435224734 -258.093005079
260 -333.488656663 75.3957453669 -258.092911296
261 -333.350621267 75.257865675 -258.092755592
262 -333.224908517 75.1322747662 -258.09263375
263 -333.113791725 75.0212976303 -258.092494095
264 -333.01969922 74.9274636352 -258.092235585
265 -332.945024427 74.8530008968 -258.09202353
266 -332.891197465 74.7991946981 -258.092002767
267 -332.859325429 74.7673401113 -258.091985318
268 -332.850509996 74.7586079331 -258.091902063
269 -332.865376035 74.7735192216 -258.091856813
270 -332.904353661 74.8123234809 -258.092030181
271 -332.966955914 74.8749157303 -258.092040184
272 -333.052828397 74.9607278062 -258.092100591
273 -333.16107285 75.0688765106 -258.09219634
274 -333.290330383 75.1980026274 -258.092327756
275 -333.43880082 75.3463594181 -258.092441402
276 -333.604506464 75.5118842575 -258.092622207
277 -333.785118735 75.6923078898 -258.092810846
278 -333.978173953 75.885220941 -258.092953012
279 -334.18067833 76.0875605654 -258.093117765
280 -334.389338619 76.2962282938 -258.093110325
281 -334.601192635 76.507918324 -258.093274311
282 -334.812076604 76.7186530133 -258.093423591
283 -335.018072954 76.9244739388 -258.093599015
284 -335.215281996 77.1216269026 -258.093655094
285 -335.400300744 77.3064497716 -258.093850973
286 -335.569409418 77.4753551971 -258.094054221
287 -335.719535939 77.6253617758 -258.094174164
288 -335.848083693 77.7537386742 -258.094345018
289 -335.952586721 77.8580865935 -258.094500128
290 -336.031331102 77.937114711 -258.094216391
291 -336.083841195 77.9896010256 -258.09424017
292 -336.10890393 78.0147049571 -258.094198973
293 -336.107077064 78.0129511172 -258.094125947
294 -336.079964384 77.9858616113 -258.094102773
295 -336.029699034 77.9358336232 -258.093865411
296 -335.959275053 77.8656614756 -258.093613578
297 -335.873401565 77.7798469552 -258.09355461
298 -335.776364926 77.6831588063 -258.09320612
299 -335.673178597 77.5804068058 -258.092771791
300 -335.570336181 77.4779192875 -258.092416894
301 -335.474016619 77.3820332029 -258.091983416
302 -335.390742673 77.2992509857 -258.091491688
303 -335.327565876 77.2366412784 -258.090924598
304 -335.291155893 77.2006904272 -258.090465465
305 -335.287191102 77.1971041395 -258.090086963
306 -335.320840739 77.2312102906 -258.089630449
307 -335.397161186 77.3075420027 -258.089619183
308 -335.518759266 77.4293060593 -258.089453207
309 -335.687439837 77.5980449393 -258.089394898
310 -335.903641755 77.814229811 -258.089411944
311 -336.16690065 78.0775548415 -258.089345809
312 -336.475550703 78.3860098416 -258.089540861
313 -336.826250496 78.7363946794 -258.089855817
314 -337.215076281 79.1249947574 -258.090081524
315 -337.6373886 79.5469346608 -258.090453939
316 -338.087264357 79.9964296297 -258.090834727
317 -338.558637191 80.4674128443 -258.091224346
318 -339.045486403 80.9537905514 -258.091695852
319 -339.541647289 81.4495663421 -258.092080947
320 -340.04086179 81.9483949067 -258.092466884
321 -340.537450225 82.4443289476 -258.093121277
322 -341.025102891 82.9316566724 -258.093446219
323 -341.498389262 83.4048090762 -258.093580186
324 -341.952450233 83.8585727266 -258.093877506
325 -342.38235731 84.2881075289 -258.094249781
326 -342.784160987 84.6894763682 -258.094684619
327 -343.154318318 85.0592317389 -258.095086579
328 -343.489143554 85.3938648063 -258.095278748
329 -343.786119291 85.690591376 -258.095527915
330 -344.042822955 85.947186936 -258.095636019
331 -344.257430658 86.1618017932 -258.095628865
332 -344.429389424 86.333623981 -258.095765443
333 -344.558091901 86.4624275912 -258.095664309
334 -344.644962337 86.549024682 -258.095937655
335 -344.691147429 86.5949588431 -258.096188586
336 -344.69751143 86.6014549142 -258.096056516
337 -344.666651804 86.5706310118 -258.096020792
338 -344.60133915 86.5055875731 -258.095751577
339 -344.505128324 86.4096231512 -258.095505173
340 -344.382333182 86.28701015 -258.095323032
341 -344.237232019 86.1421890228 -258.095042997
342 -344.075246915 85.9803467024 -258.094900212
343 -343.900744243 85.8061080123 -258.094636231
344 -343.717729698 85.6233125306 -258.094417168
345 -343.530323834 85.4360892868 -258.094234547
346 -343.341786317 85.2477445459 -258.094041771
347 -343.154745431 85.0607818247 -258.093963606
348 -342.970728832 84.8767741292 -258.093954703
349 -342.790404033 84.6963677851 -258.094036248
350 -342.613479923 84.5193300669 -258.094149856
351 -342.438759861 84.3444360075 -258.094323853
352 -342.263718345 84.16915952 -258.094558825
353 -342.08479666 83.9900382278 -258.094758432
354 -341.898123051 83.8030418303 -258.095081221
355 -341.699226223 83.6038149134 -258.095411309
356 -341.483854606 83.3881066953 -258.095747911
357 -341.248194167 83.1525867635 -258.095607404
358 -340.989336068 82.8934791138 -258.095856954
359 -340.703010327 82.6069696889 -258.096040638
360 -340.387019178 82.2908748783 -258.0961443
361 -340.040407878 81.9442828709 -258.096125007
362 -339.663339711 81.5673877652 -258.095951946
363 -339.257052077 81.1612332387 -258.095818838
364 -338.823095384 80.7274076508 -258.095687734
365 -338.364118362 80.2692682775 -258.094850084
366 -337.88548663 79.7910773637 -258.094409266
367 -337.390716297 79.2966015071 -258.09411479
368 -336.884530011 78.7907343329 -258.093795678
369 -336.373011878 78.2794464761 -258.093565402
370 -335.861978531 77.7687250145 -258.093253516
371 -335.357355946 77.2644407523 -258.092915193
372 -334.865351432 76.7726825917 -258.09266884
373 -334.391968507 76.2995868877 -258.09238162
374 -333.943172579 75.8509654947 -258.092207084
375 -333.52417582 75.4321725075 -258.092003313
376 -333.140061381 75.048277672 -258.091783709
377 -332.795721796 74.7044343192 -258.091287476
378 -332.496274684 74.4052064116 -258.091068272
379 -332.245604475 74.1547367772 -258.090867698
380 -332.048011654 73.957316305 -258.090695349
381 -331.906956498 73.8164622494 -258.090494249
382 -331.825377897 73.7350632237 -258.090314673
383 -331.805831702 73.7158992982 -258.089932404
384 -331.850847519 73.7610195094 -258.08982801
385 -331.961285765 73.8714772393 -258.089808526
386 -332.138062223 74.0481771504 -258.089885073
387 -332.380742728 74.2906743877 -258.09006834
388 -332.687181136 74.5969722442 -258.090208892
389 -333.054972413 74.964566741 -258.090405672
390 -333.480766035 75.3901137869 -258.090652248
391 -333.960257258 75.8693780938 -258.090879165
392 -334.488616992 76.3974322538 -258.091184738
393 -335.060115055 76.9685716569 -258.091543398
394 -335.668644764 77.5766778268 -258.091966937
395 -336.30773103 78.2153836204 -258.092347409
396 -336.971123049 78.878332359 -258.09279069
397 -337.652223414 79.5590813562 -258.093142058
398 -338.344723625 80.2512779717 -258.093445653
399 -339.04340954 80.94934202 -258.09406752
400 -339.741633014 81.6472532183 -258.094379795
401 -340.433714077 82.3391082653 -258.094605811
402 -341.114892753 83.020025711 -258.094867042
403 -341.780814011 83.6859286581 -258.094885352
404 -342.427964786 84.3328518856 -258.095112901
405 -343.052510458 84.957244976 -258.095265482
406 -343.651614425 85.5561803257 -258.0954341
407 -344.222353678 86.1268330698 -258.095520608
408 -344.762875444 86.6672918673 -258.095583577
409 -345.272002135 87.1763712599 -258.095630875
410 -345.749006832 87.6534863013 -258.095520531
411 -346.193874058 88.0983851046 -258.095488953
412 -346.607095718 88.5124593236 -258.094636394
413 -346.991762081 88.8972147351 -258.094547346
414 -347.347916213 89.2535706882 -258.094345525
415 -347.678505431 89.5842379668 -258.094267464
416 -347.986672087 89.8926757085 -258.093996379
417 -348.27635981 90.1827225191 -258.093637291
418 -348.552380243 90.4592066794 -258.093173564
419 -348.819960343 90.7271678459 -258.092792497
420 -349.08432737 90.9919439487 -258.092383421
421 -349.351768013 91.2596529986 -258.092115014
422 -349.627709782 91.5358605555 -258.091849226
423 -349.917344315 91.8257552595 -258.091589055
424 -350.225029484 92.1337092179 -258.091320266
425 -350.553989028 92.462905328 -258.0910837
426 -350.90699004 92.8159689053 -258.091021134
427 -351.285253175 93.1942977003 -258.090955475
428 -351.688816807 93.5977780713 -258.091038736
429 -352.116037237 94.0247648867 -258.09127235
430 -352.563698516 94.4722763913 -258.091422124
431 -353.027701018 94.9363688392 -258.091332179
432 -353.503293602 95.4116132919 -258.09168031
433 -353.984136201 95.8920131073 -258.092123093
434 -354.463809119 96.3712954473 -258.092513672
435 -354.935413329 96.8425943188 -258.092819011
436 -355.392445881 97.299358545 -258.093087336
437 -355.828627772 97.7351862638 -258.093441509
438 -356.237927732 98.1442091351 -258.093718596
439 -356.615339785 98.5213773496 -258.093962436
440 -356.956553716 98.8624231188 -258.094130597
441 -357.258167129 99.1640544122 -258.094112717
442 -357.517933643 99.4237108356 -258.094222807
443 -357.733924865 99.6396158229 -258.094309042
444 -357.905990278 99.811282854 -258.094707424
445 -358.03273164 99.9380849822 -258.094646658
446 -358.114152922 100.019619684 -258.094533239
447 -358.151033545 100.056636933 -258.094396612
448 -358.1448416 100.050552067 -258.094289533
449 -358.097450752 100.003278192 -258.09417256
450 -358.010961997 99.916985674 -258.093976323
451 -357.887667653 99.7938910012 -258.093776652
452 -357.73001602 99.6367450345 -258.093270986
453 -357.541858401 99.44890427 -258.092954131
454 -357.325515592 99.2327669207 -258.092748672
455 -357.084843173 98.9923203045 -258.092522868
456 -356.822905887 98.7307863516 -258.092119536
457 -356.541486212 98.4494894696 -258.091996743
458 -356.242790963 98.1511553914 -258.091635572
459 -355.929687916 97.8382891388 -258.091398777
460 -355.604429349 97.5131887444 -258.091240604
461 -355.269554904 97.1785138058 -258.091041098
462 -354.927668227 96.8367795034 -258.090888724
463 -354.581176702 96.4904016308 -258.090775071
464 -354.232505227 96.1418854571 -258.090619769
465 -353.883960361 95.7934646385 -258.090495722
466 -353.538479195 95.4480333554 -258.090445839
467 -353.198213489 95.1079452132 -258.090268275
468 -352.865927678 94.7754357872 -258.090491891
469 -352.543292198 94.4529627449 -258.090329453
470 -352.232812925 94.1426524394 -258.090160486
471 -351.936225084 93.8461830005 -258.090042083
472 -351.654864415 93.5650620474 -258.089802368
473 -351.390826217 93.3011248784 -258.089701339
474 -351.145486328 93.0558913724 -258.089594955
475 -350.920609713 92.831023584 -258.089586129
476 -350.717421302 92.6279069159 -258.089514386
477 -350.537087848 92.4476279384 -258.089459909
478 -350.380646052 92.2911278 -258.089518252
479 -350.248724908 92.1592720646 -258.089452844
480 -350.141825618 92.052509422 -258.089316196
481 -350.059900408 91.9704795874 -258.089420821
482 -350.002506672 91.9127753708 -258.089731301
483 -349.968144216 91.8783659062 -258.08977831
484 -349.955270024 91.8655219691 -258.089748055
485 -349.962239747 91.8723817359 -258.089858011
486 -349.986879768 91.8970487404 -258.089831028
487 -350.027479469 91.9374243879 -258.090055081
488 -350.080671581 91.9904266714 -258.090244909
489 -350.143791587 92.0532454008 -258.090546186
490 -350.213643674 92.1229957557 -258.090647918
491 -350.287288287 92.1963410594 -258.090947228
492 -350.361530856 92.2704409762 -258.09108988
493 -350.43374743 92.3423694899 -258.09137794
494 -350.50027404 92.4086496352 -258.091624405
495 -350.55792845 92.4660746132 -258.091853837
496 -350.603875655 92.5118959998 -258.091979655
497 -350.635545005 92.5437198495 -258.091825156
498 -350.651581389 92.5594488163 -258.092132573
499 -350.64923667 92.5570511978 -258.092185472
500 -350.627336411 92.5350043779 -258.092332033
501 -350.584618834 92.4921797413 -258.092439093
502 -350.520221089 92.4277543524 -258.092466736
503 -350.433822852 92.3414745992 -258.092348252
504 -350.325957357 92.2335416919 -258.092415665
505 -350.196569293 92.1042719474 -258.092297346
506 -350.046463883 91.9544748865 -258.091988996
507 -349.877148663 91.7851488311 -258.091999832
508 -349.68940486 91.5973265483 -258.092078312
509 -349.483920038 91.3919520698 -258.091967969
510 -349.262218813 91.1702658565 -258.091952956
511 -349.02597253 90.9341513118 -258.091821218
512 -348.776971249 90.6853087999 -258.091662449
513 -348.516769427 90.4252130358 -258.091556391
514 -348.247238296 90.1558393454 -258.09139895
515 -347.970860418 89.8796863963 -258.091174022
516 -347.689926487 89.5988939595 -258.091032528
517 -347.406463192 89.3155856597 -258.090877532
518 -347.123378815 89.0327217829 -258.090657032
519 -346.843667982 88.7532007418 -258.09046724
520 -346.57003026 88.4797655629 -258.090264697
521 -346.306733227 88.2164566696 -258.090276558
522 -346.057100499 87.9672838017 -258.089816697
523 -345.825225713 87.7354583335 -258.089767379
524 -345.613859366 87.5242856628 -258.089573703
525 -345.426465549 87.3371308241 -258.089334725
526 -345.267256797 87.1779196157 -258.089337181
527 -345.139309568 87.0506877473 -258.08862182
528 -345.046730595 86.9582611105 -258.088469485
529 -344.991192948 86.902870571 -258.088322377
530 -344.974860715 86.8866618365 -258.088198878
531 -344.999570869 86.9114693325 -258.088101536
532 -345.066902065 86.9787349578 -258.088167107
533 -345.177478404 87.0889896167 -258.088488788
534 -345.329600485 87.2410473668 -258.088553118
535 -345.521493909 87.4328045825 -258.088689326
536 -345.751199682 87.662113084 -258.089086598
537 -346.015312706 87.9259283687 -258.089384337
538 -346.309851065 88.2201509834 -258.089700081
539 -346.630491185 88.5405711225 -258.089920062
540 -346.972513905 88.8826964486 -258.089817456
541 -347.331246034 89.2412209992 -258.090025035
542 -347.700572803 89.610248926 -258.090323877
543 -348.07419411 89.9835298236 -258.090664287
544 -348.446078895 90.3550824176 -258.090996477
545 -348.810668892 90.7194783326 -258.091190559
546 -349.163013217 91.0715995251 -258.091413692
547 -349.498032135 91.4063366406 -258.091695494
548 -349.81093593 91.7190842798 -258.091851651
549 -350.09768588 92.0056538801 -258.092032
550 -350.354369549 92.2621228815 -258.092246668
551 -350.577957129 92.4854355727 -258.092521556
552 -350.765654811 92.6729757056 -258.092679105
553 -350.915438576 92.8225382086 -258.092900367
554 -351.025359361 92.9323871145 -258.092972247
555 -351.094661848 93.0014841462 -258.093177702
556 -351.122504153 93.0295394844 -258.092964669
557 -351.109122351 93.0161685511 -258.0929538
558 -351.054202029 92.961281315 -258.092920714
559 -350.958798329 92.8657421845 -258.093056144
560 -350.823899006 92.7309647434 -258.092934262
561 -350.650909601 92.558044732 -258.092864869
562 -350.440955589 92.348172486 -258.092783103
563 -350.195971382 92.1032902914 -258.09268109
564 -349.918088276 91.8255050802 -258.092583196
565 -349.609028489 91.5166260671 -258.092402422
566 -349.270886379 91.1785474899 -258.09233889
567 -348.905358164 90.8131481393 -258.092210024
568 -348.514361982 90.4222241544 -258.092137828
569 -348.099518927 90.0074757938 -258.092043133
570 -347.662895632 89.5708028164 -258.092092816
571 -347.206299845 89.1142074638 -258.092092382
572 -346.732158783 88.6398339424 -258.092324841
573 -346.241396105 88.1491570421 -258.092239063
574 -345.735456793 87.6435070726 -258.09194972
575 -345.217525069 87.1254184989 -258.09210657
576 -344.690234181 86.5979409554 -258.092293226
577 -344.156658664 86.0644328301 -258.092225834
578 -343.61998211 85.5279257577 -258.092056353
579 -343.083994241 84.9920972656 -258.091896975
580 -342.552542249 84.4609102287 -258.09163202
581 -342.029887155 83.938479502 -258.091407653
582 -341.520700189 83.4295738447 -258.091126344
583 -341.03026778 82.9395554648 -258.090712316
584 -340.56360792 82.4730836021 -258.090524318
585 -340.124169413 82.0339174708 -258.090251942
586 -339.71667708 81.6262728013 -258.090404279
587 -339.343747674 81.2535005433 -258.09024713
588 -339.007896465 80.9175985208 -258.090297944
589 -338.709805295 80.6195136751 -258.09029162
590 -338.449709881 80.3594224202 -258.09028746
591 -338.22762117 80.1371852454 -258.090435924
592 -338.042058823 79.9514587221 -258.090600101
593 -337.890107296 79.7993016893 -258.090805607
594 -337.768582129 79.6774393686 -258.09114276
595 -337.673619188 79.5822528179 -258.09136637
596 -337.601124075 79.5094924667 -258.091631608
597 -337.546715148 79.4549056922 -258.091809456
598 -337.506216625 79.414140325 -258.0920763
599 -337.475225028 79.3829038051 -258.092321223
600 -337.449791912 79.3572314217 -258.09256049
601 -337.426207174 79.3334082371 -258.092798937
602 -337.401970247 79.3087896858 -258.093180561
603 -337.373731903 79.2804084005 -258.093323502
604 -337.33877247 79.245200041 -258.093572429
605 -337.294854775 79.201227784 -258.093626991
606 -337.240411364 79.146694392 -258.093716972
607 -337.174009272 79.0803027991 -258.093706473
608 -337.095077519 79.0015562129 -258.093521306
609 -337.003473494 78.9100146421 -258.093458852
610 -336.898646145 78.8052931481 -258.093352997
611 -336.781458663 78.6879076889 -258.093550975
612 -336.652096049 78.5585310738 -258.093564975
613 -336.511337716 78.4178238753 -258.09351384
614 -336.360286737 78.2669001293 -258.093386607
615 -336.200740711 78.1074663359 -258.093274375
616 -336.03467922 77.9415376906 -258.09314153
617 -335.864167216 77.7711938165 -258.0929734
618 -335.69170847 77.5989527708 -258.092755699
619 -335.520137054 77.4276413168 -258.092495737
620 -335.352624094 77.2606162547 -258.092007839
621 -335.192679694 77.1008301361 -258.091849558
622 -335.042721424 76.9509547379 -258.091766686
623 -334.905858806 76.8141154614 -258.091743345
624 -334.78421734 76.6926940087 -258.091523331
625 -334.680101219 76.588754128 -258.091347091
626 -334.595725341 76.5042446188 -258.091480723
627 -334.53169594 76.4402371839 -258.091458756
628 -334.488555389 76.3971569108 -258.091398478
629 -334.466481164 76.3750788885 -258.091402276
630 -334.464932116 76.3734541874 -258.091477929
631 -334.482562901 76.3910790983 -258.091483803
632 -334.517784748 76.4261337048 -258.091651043
633 -334.568147695 76.4763930923 -258.091754602
634 -334.630717525 76.5387568285 -258.091960696
635 -334.702073213 76.6100135021 -258.09205971
636 -334.77914856 76.6868862389 -258.092262321
637 -334.858147365 76.7655828071 -258.092564558
638 -334.935330804 76.8425362459 -258.092794558
639 -335.007385217 76.9145835237 -258.092801693
640 -335.071618614 76.978636302 -258.092982312
641 -335.124880149 77.0318323184 -258.093047831
642 -335.16564072 77.0722258542 -258.093414865
643 -335.191696598 77.0981926586 -258.093503939
644 -335.20225558 77.1086514952 -258.093604085
645 -335.196911819 77.1035245363 -258.093387283
646 -335.176296738 77.0829798599 -258.093316878
647 -335.141506112 77.048232756 -258.093273356
648 -335.094381593 77.0012958329 -258.09308576
649 -335.037401948 76.9444949976 -258.092906951
650 -334.974025812 76.8813932044 -258.092632607
651 -334.908966972 76.816622011 -258.092344961
652 -334.846838945 76.7548426879 -258.091996257
653 -334.792561747 76.7009178131 -258.091643934
654 -334.752048669 76.6607370938 -258.091311575
655 -334.73115838 76.6402345439 -258.090923836
656 -334.735682437 76.6451371111 -258.090545326
657 -334.771237774 76.6810436901 -258.090194084
658 -334.843037181 76.7531516049 -258.089885576
659 -334.955702214 76.8660713204 -258.089630894
660 -335.112853125 77.0234984132 -258.089354712
661 -335.317021969 77.2277797506 -258.089242218
662 -335.569722874 77.48026147 -258.089461404
663 -335.870367038 77.780882007 -258.089485031
664 -336.217594897 78.1279656259 -258.089629271
665 -336.608734455 78.5190171079 -258.089717347
666 -337.040432432 78.950658194 -258.089774238
667 -337.508014736 79.4179174631 -258.090097273
668 -338.005314016 79.9148623411 -258.090451674
669 -338.526463216 80.4356961494 -258.090767066
670 -339.065301479 80.9741836844 -258.091117795
671 -339.615405399 81.5239514597 -258.091453939
672 -340.170914607 82.0788908392 -258.092023768
673 -340.725173239 82.6328151794 -258.09235806
674 -341.273458065 83.1805776296 -258.092880435
675 -341.810305246 83.7171529051 -258.093152341
676 -342.330809226 84.2374474589 -258.093361767
677 -342.831320943 84.737965033 -258.09335591
678 -343.309058332 85.2156010525 -258.09345728
679 -343.761378387 85.6678977388 -258.093480648
680 -344.186597834 86.0931682721 -258.093429562
681 -344.583402469 86.4898680407 -258.093534428
682 -344.950507501 86.856927691 -258.09357981
683 -345.28774124 87.1942817052 -258.093459534
684 -345.595410629 87.5021479883 -258.093262641
685 -345.873644134 87.7807466672 -258.092897467
686 -346.123147886 88.0304848681 -258.092663018
687 -346.344053458 88.2514533997 -258.092600059
688 -346.536809096 88.4442808002 -258.092528295
689 -346.702549659 88.6102772508 -258.092272408
690 -346.842953274 88.7508627543 -258.09209052
691 -346.959261812 88.8672709586 -258.091990853
692 -347.052918992 88.9610359921 -258.091883
693 -347.125824918 89.0342045378 -258.09162038
694 -347.180630004 89.0890907634 -258.09153924
695 -347.21903905 89.1276136485 -258.091425401
696 -347.242975051 89.1517030298 -258.091272021
697 -347.254963091 89.1638545149 -258.091108576
698 -347.258000475 89.1669727152 -258.09102776
699 -347.254748794 89.1639072694 -258.090841524
700 -347.248070664 89.1574692907 -258.090601374
701 -347.241586337 89.1514019132 -258.090184424
702 -347.238483588 89.1484612342 -258.090022354
703 -347.240434447 89.1505513166 -258.08988313
704 -347.250821909 89.1608063115 -258.090015597
705 -347.271250661 89.1813530576 -258.089897604
706 -347.30297054 89.2132011473 -258.089769393
707 -347.34701715 89.2572578614 -258.089759289
708 -347.403733506 89.3138083392 -258.089925167
709 -347.472509243 89.3824793567 -258.090029886
710 -347.552357611 89.4621351315 -258.090222479
711 -347.641206358 89.5508189831 -258.090387374
712 -347.736603997 89.6460535932 -258.090550404
713 -347.835254611 89.744435461 -258.09081915
714 -347.932925956 89.8417535639 -258.091172392
715 -348.025121057 89.9340461424 -258.091074914
716 -348.108019305 90.0166956188 -258.091323686
717 -348.176337725 90.0845998383 -258.091737887
718 -348.224985747 90.1329361028 -258.092049645
719 -348.250080612 90.1578718435 -258.092208769
720 -348.247761047 90.1552982098 -258.092462837
721 -348.213687322 90.1209597271 -258.092727595
722 -348.144820501 90.0519614257 -258.092859076
723 -348.039243804 89.9461562892 -258.093087515
724 -347.895347775 89.8022026832 -258.093145092
725 -347.712541888 89.6193921089 -258.093149779
726 -347.492011448 89.3985773023 -258.093434146
727 -347.234360846 89.1409985305 -258.093362316
728 -346.941090093 88.8478693853 -258.093220708
729 -346.614804186 88.5217295384 -258.093074648
730 -346.258638774 88.1658002006 -258.092838573
731 -345.876920337 87.784172139 -258.092748198
732 -345.473394799 87.3808826677 -258.092512131
733 -345.052025219 86.9597967247 -258.092228495
734 -344.617362743 86.5253811718 -258.091981571
735 -344.173727023 86.0819853477 -258.091741675
736 -343.725361449 85.6338337516 -258.091527698
737 -343.276318655 85.1849948863 -258.091323769
738 -342.830628197 84.7394528313 -258.091175366
739 -342.39178835 84.3007485749 -258.091039776
740 -341.962790556 83.8718484229 -258.090942133
741 -341.546433579 83.4556567493 -258.090776829
742 -341.1453163 83.0546590118 -258.090657288
743 -340.761497794 82.6709321926 -258.090565601
744 -340.39701025 82.3065315702 -258.09047868
745 -340.054151681 81.9638605684 -258.090291112
746 -339.735159833 81.6449634347 -258.090196398
747 -339.441688373 81.351567519 -258.090120854
748 -339.175676284 81.0856408964 -258.090035387
749 -338.939118639 80.8492225964 -258.089896043
750 -338.734228052 80.6444557085 -258.089772344
751 -338.563911078 80.4739529205 -258.089958157
752 -338.429772492 80.3399270722 -258.08984542
753 -338.333825025 80.2440784341 -258.08974659
754 -338.278025011 80.1886567358 -258.089368276
755 -338.264671089 80.1753655219 -258.089305567
756 -338.29428107 80.2051399258 -258.089141144
757 -338.367579329 80.2784951775 -258.089084151
758 -338.484620215 80.3955619381 -258.089058277
759 -338.645049796 80.5558789906 -258.089170806
760 -338.847840682 80.7585458265 -258.089294855
761 -339.091225387 81.0017873494 -258.089438037
762 -339.372689005 81.2830912661 -258.089597739
763 -339.689582029 81.5998163396 -258.089765689
764 -340.03887234 81.9489147758 -258.089957564
765 -340.417640796 82.3272996907 -258.090341105
766 -340.822164797 82.7317169443 -258.090447852
767 -341.249229479 83.1585492349 -258.090680245
768 -341.694926495 83.6040603214 -258.090866173
769 -342.15571982 84.0646828645 -258.091036955
770 -342.628516064 84.537652647 -258.090863417
771 -343.111178518 85.0202273071 -258.090951211
772 -343.600680748 85.5097770708 -258.090903678
773 -344.095070751 86.0040857876 -258.090984963
774 -344.592371638 86.5015021823 -258.090869456
775 -345.091412302 87.0005158864 -258.090896415
776 -345.590514608 87.4996027597 -258.090911849
777 -346.088810284 87.9980221489 -258.090788136
778 -346.585619282 88.494796608 -258.090822674
779 -347.079829806 88.989088222 -258.090741584
780 -347.570775625 89.4800346221 -258.090741003
781 -348.05710977 89.9663662109 -258.090743559
782 -348.537698301 90.4468905117 -258.090807789
783 -349.012097842 90.9209506961 -258.091147146
784 -349.478042034 91.3868175514 -258.091224482
785 -349.933155523 91.8420132659 -258.091142257
786 -350.375609731 92.284352453 -258.091257278
787 -350.803071898 92.7114820535 -258.091589844
788 -351.212629583 93.1208669572 -258.091762626
789 -351.601756033 93.5096891979 -258.092066835
790 -351.967237321 93.8749693063 -258.092268015
791 -352.305902571 94.2134984413 -258.09240413
792 -352.614877214 94.5223233192 -258.092553895
793 -352.892139393 94.7992879619 -258.092851431
794 -353.134741824 95.0419303341 -258.09281149
795 -353.340023169 95.2470913247 -258.092931844
796 -353.505532169 95.4124540604 -258.093078109
797 -353.629326635 95.5361457094 -258.093180926
798 -353.709736067 95.6166654364 -258.093070631
799 -353.745844917 95.6527261312 -258.093118786
800 -353.736654947 95.6437247434 -258.092930204
801 -353.683556981 95.5900611764 -258.093495805
802 -353.584597253 95.4911164655 -258.093480788
803 -353.440239118 95.3465827564 -258.093656361
804 -353.251236357 95.1573846006 -258.093851756
805 -353.017894234 94.9241474687 -258.093746765
806 -352.741592914 94.6479069494 -258.093685965
807 -352.423707069 94.3301208419 -258.093586227
808 -352.066237248 93.9727516431 -258.093485605
809 -351.671812203 93.578281722 -258.093530481
810 -351.242217708 93.1488261244 -258.093391584
811 -350.779886137 92.6866715179 -258.093214619
812 -350.28812832 92.1951744073 -258.092953913
813 -349.770286856 91.6775018107 -258.092785046
814 -349.22926471 91.1366822375 -258.092582473
815 -348.669109833 90.5767777924 -258.092332041
816 -348.094513407 90.0024143602 -258.092099047
817 -347.509667934 89.4178529447 -258.091814989
818 -346.919066824 88.8275218995 -258.091544925
819 -346.328089741 88.2368107103 -258.09127903
820 -345.743040651 87.6517892315 -258.09125142
821 -345.169209741 87.0783242626 -258.090885479
822 -344.613328142 86.5225314217 -258.090796721
823 -344.082030292 85.9911806356 -258.090849656
824 -343.58083473 85.490425421 -258.090409309
825 -343.116315678 85.0262678218 -258.090047856
826 -342.694373809 84.6046943201 -258.089679489
827 -342.320769329 84.2315373252 -258.089232004
828 -342.000729909 83.9117751961 -258.088954713
829 -341.737847424 83.6490860365 -258.088761388
830 -341.535033274 83.4463793009 -258.088653973
831 -341.394115993 83.3055293445 -258.088586649
832 -341.3157446 83.2271411801 -258.08860342
833 -341.299273594 83.2105493189 -258.088724275
834 -341.342546475 83.2536050601 -258.088941415
835 -341.442092804 83.3528463427 -258.089246461
836 -341.593691613 83.5039592538 -258.08973236
837 -341.791585822 83.7014555857 -258.090130236
838 -342.029371381 83.9387986726 -258.090572709
839 -342.300007402 84.2089675368 -258.091039866
840 -342.596098989 84.5045901609 -258.091508829
841 -342.911211526 84.8187469118 -258.092464614
842 -343.236739965 85.1438132388 -258.092926726
843 -343.565185158 85.4719927874 -258.09319237
844 -343.889869313 85.7963170445 -258.093552268
845 -344.2037783 86.1099265829 -258.093851717
846 -344.500769967 86.4065916348 -258.094178332
847 -344.774812224 86.6803415463 -258.094470678
848 -345.021140888 86.9263947869 -258.094746101
849 -345.235928624 87.1406825039 -258.09524612
850 -345.414259441 87.3188113383 -258.095448103
851 -345.552953005 87.4573585308 -258.095594474
852 -345.649520317 87.553800349 -258.095719968
853 -345.701961128 87.6063419605 -258.095619168
854 -345.709645843 87.6138783735 -258.09576747
855 -345.672646281 87.5766731235 -258.095973157
856 -345.590363754 87.4944223213 -258.095941432
857 -345.462222058 87.3662516936 -258.095970364
858 -345.288803708 87.19289383 -258.095909878
859 -345.071758309 86.9759204463 -258.095837863
860 -344.812923658 86.7171236936 -258.095799964
861 -344.51397171 86.4182671121 -258.095704598
862 -344.177519677 86.0821418313 -258.095377845
863 -343.806748743 85.7114779925 -258.095270751
864 -343.403857499 85.3087644269 -258.095093072
865 -342.972168498 84.8772213362 -258.094947162
866 -342.515105511 84.4204581926 -258.094647318
867 -342.036405326 83.9419756574 -258.094429668
868 -341.540130762 83.445577933 -258.094552829
869 -341.029411964 82.9350498084 -258.094362155
870 -340.508320386 82.4143258867 -258.093994499
871 -339.981385485 81.8874852446 -258.09390024
872 -339.451929431 81.3582789245 -258.093650506
873 -338.924219674 80.8309673072 -258.093252366
874 -338.402584508 80.3095135528 -258.093070955
875 -337.890479264 79.7976390128 -258.092840251
876 -337.392282498 79.2994342157 -258.092848283
877 -336.911234166 78.8185802808 -258.092653885
878 -336.450978666 78.3584652281 -258.092513437
879 -336.014749176 77.922441525 -258.092307651
880 -335.605834674 77.5137368996 -258.092097774
881 -335.22708726 77.1351273909 -258.091959869
882 -334.880967751 76.7894129894 -258.091554762
883 -334.570430761 76.4790159217 -258.09141484
884 -334.296662297 76.2053319223 -258.091330374
885 -334.060898285 75.9696563111 -258.091241974
886 -333.864283411 75.7731087977 -258.091174613
887 -333.708025888 75.6167688671 -258.091257021
888 -333.592364082 75.5011233018 -258.091240781
889 -333.51748272 75.42649121 -258.09099151
890 -333.484069358 75.3930805995 -258.090988758
891 -333.491644159 75.4006695032 -258.090974656
892 -333.540144275 75.4491650044 -258.09097927
893 -333.629292488 75.5383049393 -258.090987549
894 -333.758802697 75.6677995146 -258.091003182
895 -333.928858271 75.83792282 -258.090935451
896 -334.138990063 76.0480407105 -258.090949353
897 -334.387599409 76.2966466857 -258.090952723
898 -334.673726868 76.5827566784 -258.090970189
899 -334.996095797 76.9050771502 -258.091018647
900 -335.35317518 77.2620875351 -258.091087645
901 -335.743222122 77.6520560397 -258.091166082
902 -336.164637289 78.0732746239 -258.091362665
903 -336.614896423 78.5234061123 -258.091490311
904 -337.091329704 79.0000481399 -258.091281564
905 -337.591791511 79.5005279874 -258.091263524
906 -338.112527472 80.0210772914 -258.09145018
907 -338.649597276 80.5579455625 -258.091651714
908 -339.199366811 81.1074467861 -258.091920025
909 -339.75826823 81.6663915282 -258.091876702
910 -340.322406062 82.2302745342 -258.092131528
911 -340.886422106 82.7940862616 -258.092335845
912 -341.445696465 83.353112066 -258.092584399
913 -341.994762453 83.9019101596 -258.092852293
914 -342.528792328 84.4356858406 -258.093106487
915 -343.042754226 84.9493398607 -258.093414366
916 -343.531390129 85.4375133599 -258.093876769
917 -343.989381943 85.8951267868 -258.094255156
918 -344.411579433 86.317043666 -258.094535767
919 -344.793376156 86.6987602052 -258.094615951
920 -345.13073536 87.0358783983 -258.094856962
921 -345.419180988 87.3241275575 -258.09505343
922 -345.655311851 87.5600986227 -258.095213228
923 -345.836343365 87.7409110213 -258.095432344
924 -345.960070394 87.8645577307 -258.095512663
925 -346.024774882 87.9291981649 -258.095576717
926 -346.029159477 87.9337010974 -258.095458379
927 -345.973353121 87.8779767015 -258.09537642
928 -345.857893274 87.7625523658 -258.095340908
929 -345.684446042 87.5890722833 -258.095373758
930 -345.454915502 87.3597408901 -258.095174612
931 -345.172487601 87.0776983117 -258.09478929
932 -344.841393641 86.7469036601 -258.094489981
933 -344.46666848 86.3723074584 -258.094361022
934 -344.053308085 85.9593385746 -258.093969511
935 -343.607341293 85.5137740161 -258.093567276
936 -343.13524979 85.0422849981 -258.092964792
937 -342.644110066 84.5515305714 -258.092579495
938 -342.140493623 84.0483991362 -258.092094487
939 -341.631683602 83.5400484916 -258.091635111
940 -341.124959031 83.0337560801 -258.091202951
941 -340.627616486 82.5368298377 -258.090786648
942 -340.14680662 82.0563103046 -258.090496315
943 -339.688699724 81.5985816726 -258.090118052
944 -339.259310868 81.169531545 -258.089779323
945 -338.86421811 80.7747254025 -258.089492707
946 -338.508191845 80.4189555695 -258.089236276
947 -338.195445575 80.1063765154 -258.08906906
948 -337.929368007 79.8405963201 -258.088771687
949 -337.712774965 79.6243392986 -258.088435666
950 -337.547359046 79.4589734353 -258.088385611
951 -337.433632803 79.3454090985 -258.088223704
952 -337.372019296 79.2837552607 -258.088264035
953 -337.361342246 79.27300165 -258.088340596
954 -337.400464375 79.3120660789 -258.088398296
955 -337.487874554 79.39948039 -258.088394164
956 -337.621665144 79.533012644 -258.0886525
957 -337.798571038 79.7097508387 -258.0888202
958 -338.015739134 79.926718914 -258.08902022
959 -338.27010948 80.1809632372 -258.089146242
960 -338.558637958 80.4693076709 -258.089330287
961 -338.878027072 80.7885271022 -258.089499969
962 -339.225299796 81.1355935142 -258.089706282
963 -339.597363166 81.5074738895 -258.089889277
964 -339.991642128 81.9013698381 -258.09027229
965 -340.405186641 82.3148193848 -258.090367256
966 -340.835476442 82.7454132817 -258.090063161
967 -341.280423238 83.1902065609 -258.090216677
968 -341.736662994 83.6462532834 -258.09040971
969 -342.201719961 84.111310715 -258.090409246
970 -342.673514935 84.5829860032 -258.090528932
971 -343.1494875 85.0587780913 -258.090709409
972 -343.627055209 85.5362099771 -258.090845232
973 -344.103723851 86.0127300031 -258.090993848
974 -344.576902036 86.4859004003 -258.091001636
975 -345.044211906 86.9531245234 -258.091087383
976 -345.502619084 87.4113630967 -258.091255987
977 -345.948869495 87.8574270558 -258.091442439
978 -346.380267135 88.2886963441 -258.09157079
979 -346.793620094 88.7018456826 -258.091774412
980 -347.185022511 89.0930765974 -258.091945914
981 -347.551211265 89.4591681009 -258.092043164
982 -347.888670882 89.7964110066 -258.092259875
983 -348.19363442 90.1011278254 -258.092506594
984 -348.463383825 90.3703751712 -258.093008654
985 -348.694753568 90.6013824812 -258.093371087
986 -348.884966866 90.7915409161 -258.09342595
987 -349.032011501 90.9383563997 -258.093655101
988 -349.133219047 91.0394910529 -258.093727994
989 -349.187457952 91.0936355752 -258.093822377
990 -349.194146061 91.1003536514 -258.093792409
991 -349.153648183 91.0599101185 -258.093738065
992 -349.067060038 90.9734257671 -258.093634271
993 -348.936588387 90.8433132181 -258.093275169
994 -348.765330329 90.6722457736 -258.093084556
995 -348.55615658 90.4632445607 -258.09291202
996 -348.313258221 90.2203862668 -258.092871954
997 -348.040296609 89.9476768051 -258.092619803
998 -347.741592882 89.649205636 -258.092387246
999 -347.421534912 89.3293949221 -258.09213999
1000 -347.084321517 88.9923845193 -258.091936998



OK (3 tests)


<end of output>
Test time =   0.10 sec
----------------------------------------------------------
Test Passed.
"BasicTests" end time: Mar 16 14:37 PDT
"BasicTests" time elapsed: 00:00:00
----------------------------------------------------------

End testing: Mar 16 14:37 PDT
